mode: set
github.com/ropel12/project-3/app/features/event/service/service.go:39.83,45.2 1 1
github.com/ropel12/project-3/app/features/event/service/service.go:47.101,48.48 1 1
github.com/ropel12/project-3/app/features/event/service/service.go:55.2,55.62 1 1
github.com/ropel12/project-3/app/features/event/service/service.go:58.2,72.16 3 1
github.com/ropel12/project-3/app/features/event/service/service.go:76.2,76.17 1 1
github.com/ropel12/project-3/app/features/event/service/service.go:48.48,51.3 2 1
github.com/ropel12/project-3/app/features/event/service/service.go:55.62,57.3 1 1
github.com/ropel12/project-3/app/features/event/service/service.go:72.16,74.3 1 1
github.com/ropel12/project-3/app/features/event/service/service.go:79.94,82.16 3 1
github.com/ropel12/project-3/app/features/event/service/service.go:85.2,91.27 7 1
github.com/ropel12/project-3/app/features/event/service/service.go:104.2,105.17 2 1
github.com/ropel12/project-3/app/features/event/service/service.go:82.16,84.3 1 1
github.com/ropel12/project-3/app/features/event/service/service.go:91.27,103.3 11 1
github.com/ropel12/project-3/app/features/event/service/service.go:108.68,109.74 1 1
github.com/ropel12/project-3/app/features/event/service/service.go:112.2,112.12 1 1
github.com/ropel12/project-3/app/features/event/service/service.go:109.74,111.3 1 1
github.com/ropel12/project-3/app/features/event/service/service.go:115.103,118.16 3 1
github.com/ropel12/project-3/app/features/event/service/service.go:121.2,127.27 7 1
github.com/ropel12/project-3/app/features/event/service/service.go:140.2,141.17 2 1
github.com/ropel12/project-3/app/features/event/service/service.go:118.16,120.3 1 1
github.com/ropel12/project-3/app/features/event/service/service.go:127.27,139.3 11 1
github.com/ropel12/project-3/app/features/event/service/service.go:144.90,146.16 2 1
github.com/ropel12/project-3/app/features/event/service/service.go:149.2,165.12 7 1
github.com/ropel12/project-3/app/features/event/service/service.go:178.2,178.12 1 1
github.com/ropel12/project-3/app/features/event/service/service.go:191.2,191.12 1 1
github.com/ropel12/project-3/app/features/event/service/service.go:203.2,207.52 5 1
github.com/ropel12/project-3/app/features/event/service/service.go:146.16,148.3 1 1
github.com/ropel12/project-3/app/features/event/service/service.go:165.12,167.33 2 1
github.com/ropel12/project-3/app/features/event/service/service.go:167.33,168.42 1 1
github.com/ropel12/project-3/app/features/event/service/service.go:168.42,175.5 2 1
github.com/ropel12/project-3/app/features/event/service/service.go:178.12,180.26 2 1
github.com/ropel12/project-3/app/features/event/service/service.go:180.26,181.35 1 1
github.com/ropel12/project-3/app/features/event/service/service.go:181.35,188.5 2 1
github.com/ropel12/project-3/app/features/event/service/service.go:191.12,193.26 2 1
github.com/ropel12/project-3/app/features/event/service/service.go:193.26,194.35 1 1
github.com/ropel12/project-3/app/features/event/service/service.go:194.35,200.5 2 1
github.com/ropel12/project-3/app/features/event/service/service.go:210.101,211.48 1 1
github.com/ropel12/project-3/app/features/event/service/service.go:215.2,215.17 1 1
github.com/ropel12/project-3/app/features/event/service/service.go:221.2,233.32 3 1
github.com/ropel12/project-3/app/features/event/service/service.go:241.2,244.16 4 1
github.com/ropel12/project-3/app/features/event/service/service.go:247.2,247.29 1 1
github.com/ropel12/project-3/app/features/event/service/service.go:211.48,214.3 2 1
github.com/ropel12/project-3/app/features/event/service/service.go:215.17,216.63 1 1
github.com/ropel12/project-3/app/features/event/service/service.go:216.63,219.4 2 1
github.com/ropel12/project-3/app/features/event/service/service.go:233.32,240.3 3 1
github.com/ropel12/project-3/app/features/event/service/service.go:244.16,246.3 1 1
github.com/ropel12/project-3/app/features/event/service/service.go:249.94,250.48 1 1
github.com/ropel12/project-3/app/features/event/service/service.go:256.2,257.16 2 1
github.com/ropel12/project-3/app/features/event/service/service.go:260.2,260.30 1 1
github.com/ropel12/project-3/app/features/event/service/service.go:250.48,252.3 1 1
github.com/ropel12/project-3/app/features/event/service/service.go:257.16,259.3 1 1
github.com/ropel12/project-3/app/features/event/service/service.go:263.92,264.48 1 1
github.com/ropel12/project-3/app/features/event/service/service.go:267.2,268.16 2 1
github.com/ropel12/project-3/app/features/event/service/service.go:271.2,271.30 1 1
github.com/ropel12/project-3/app/features/event/service/service.go:264.48,266.3 1 1
github.com/ropel12/project-3/app/features/event/service/service.go:268.16,270.3 1 1
github.com/ropel12/project-3/app/features/event/service/service.go:274.78,276.16 2 1
github.com/ropel12/project-3/app/features/event/service/service.go:279.2,279.30 1 1
github.com/ropel12/project-3/app/features/event/service/service.go:276.16,278.3 1 1
github.com/ropel12/project-3/app/features/event/service/service.go:282.86,283.48 1 1
github.com/ropel12/project-3/app/features/event/service/service.go:287.2,288.16 2 1
github.com/ropel12/project-3/app/features/event/service/service.go:291.2,291.30 1 1
github.com/ropel12/project-3/app/features/event/service/service.go:283.48,286.3 2 1
github.com/ropel12/project-3/app/features/event/service/service.go:288.16,290.3 1 1
github.com/ropel12/project-3/app/features/user/service/service.go:32.80,34.2 1 1
github.com/ropel12/project-3/app/features/user/service/service.go:36.77,37.48 1 1
github.com/ropel12/project-3/app/features/user/service/service.go:41.2,42.16 2 1
github.com/ropel12/project-3/app/features/user/service/service.go:45.2,45.75 1 1
github.com/ropel12/project-3/app/features/user/service/service.go:49.2,49.26 1 1
github.com/ropel12/project-3/app/features/user/service/service.go:37.48,40.3 2 1
github.com/ropel12/project-3/app/features/user/service/service.go:42.16,44.3 1 1
github.com/ropel12/project-3/app/features/user/service/service.go:45.75,48.3 2 1
github.com/ropel12/project-3/app/features/user/service/service.go:52.76,53.48 1 1
github.com/ropel12/project-3/app/features/user/service/service.go:57.2,58.16 2 1
github.com/ropel12/project-3/app/features/user/service/service.go:61.2,62.16 2 1
github.com/ropel12/project-3/app/features/user/service/service.go:66.2,74.16 3 1
github.com/ropel12/project-3/app/features/user/service/service.go:77.2,77.12 1 1
github.com/ropel12/project-3/app/features/user/service/service.go:53.48,56.3 2 1
github.com/ropel12/project-3/app/features/user/service/service.go:58.16,60.3 1 1
github.com/ropel12/project-3/app/features/user/service/service.go:62.16,65.3 2 1
github.com/ropel12/project-3/app/features/user/service/service.go:74.16,76.3 1 1
github.com/ropel12/project-3/app/features/user/service/service.go:80.110,81.24 1 1
github.com/ropel12/project-3/app/features/user/service/service.go:89.2,89.21 1 1
github.com/ropel12/project-3/app/features/user/service/service.go:95.2,95.17 1 1
github.com/ropel12/project-3/app/features/user/service/service.go:104.2,113.16 4 1
github.com/ropel12/project-3/app/features/user/service/service.go:116.2,116.17 1 1
github.com/ropel12/project-3/app/features/user/service/service.go:81.24,83.17 2 1
github.com/ropel12/project-3/app/features/user/service/service.go:87.3,87.26 1 1
github.com/ropel12/project-3/app/features/user/service/service.go:83.17,86.4 2 1
github.com/ropel12/project-3/app/features/user/service/service.go:89.21,91.17 2 1
github.com/ropel12/project-3/app/features/user/service/service.go:91.17,93.4 1 1
github.com/ropel12/project-3/app/features/user/service/service.go:95.17,97.64 2 1
github.com/ropel12/project-3/app/features/user/service/service.go:101.3,102.15 2 1
github.com/ropel12/project-3/app/features/user/service/service.go:97.64,100.4 2 1
github.com/ropel12/project-3/app/features/user/service/service.go:113.16,115.3 1 1
github.com/ropel12/project-3/app/features/user/service/service.go:119.58,123.16 4 1
github.com/ropel12/project-3/app/features/user/service/service.go:126.2,126.12 1 1
github.com/ropel12/project-3/app/features/user/service/service.go:123.16,125.3 1 1
github.com/ropel12/project-3/app/features/user/service/service.go:129.79,131.16 2 1
github.com/ropel12/project-3/app/features/user/service/service.go:134.2,134.17 1 1
github.com/ropel12/project-3/app/features/user/service/service.go:131.16,133.3 1 1
github.com/ropel12/project-3/app/features/transaction/service/service.go:37.101,43.2 1 1
github.com/ropel12/project-3/app/features/transaction/service/service.go:45.81,46.48 1 1
github.com/ropel12/project-3/app/features/transaction/service/service.go:49.2,54.71 2 1
github.com/ropel12/project-3/app/features/transaction/service/service.go:57.2,57.12 1 1
github.com/ropel12/project-3/app/features/transaction/service/service.go:46.48,48.3 1 1
github.com/ropel12/project-3/app/features/transaction/service/service.go:54.71,56.3 1 1
github.com/ropel12/project-3/app/features/transaction/service/service.go:60.87,63.16 3 1
github.com/ropel12/project-3/app/features/transaction/service/service.go:66.2,67.27 2 1
github.com/ropel12/project-3/app/features/transaction/service/service.go:80.2,84.18 2 1
github.com/ropel12/project-3/app/features/transaction/service/service.go:63.16,65.3 1 1
github.com/ropel12/project-3/app/features/transaction/service/service.go:67.27,79.3 4 1
github.com/ropel12/project-3/app/features/transaction/service/service.go:87.115,88.48 1 1
github.com/ropel12/project-3/app/features/transaction/service/service.go:91.2,97.12 7 1
github.com/ropel12/project-3/app/features/transaction/service/service.go:111.2,111.12 1 1
github.com/ropel12/project-3/app/features/transaction/service/service.go:122.2,123.92 2 1
github.com/ropel12/project-3/app/features/transaction/service/service.go:126.2,143.15 5 1
github.com/ropel12/project-3/app/features/transaction/service/service.go:162.2,175.85 2 1
github.com/ropel12/project-3/app/features/transaction/service/service.go:185.2,192.18 2 1
github.com/ropel12/project-3/app/features/transaction/service/service.go:88.48,90.3 1 1
github.com/ropel12/project-3/app/features/transaction/service/service.go:97.12,99.40 2 1
github.com/ropel12/project-3/app/features/transaction/service/service.go:99.40,109.4 4 1
github.com/ropel12/project-3/app/features/transaction/service/service.go:111.12,113.39 2 1
github.com/ropel12/project-3/app/features/transaction/service/service.go:113.39,120.4 2 1
github.com/ropel12/project-3/app/features/transaction/service/service.go:123.92,125.3 1 1
github.com/ropel12/project-3/app/features/transaction/service/service.go:143.15,145.17 2 1
github.com/ropel12/project-3/app/features/transaction/service/service.go:148.3,148.23 1 1
github.com/ropel12/project-3/app/features/transaction/service/service.go:151.3,154.32 4 1
github.com/ropel12/project-3/app/features/transaction/service/service.go:145.17,147.4 1 1
github.com/ropel12/project-3/app/features/transaction/service/service.go:148.23,150.4 1 1
github.com/ropel12/project-3/app/features/transaction/service/service.go:155.8,160.3 4 1
github.com/ropel12/project-3/app/features/transaction/service/service.go:175.85,177.3 1 1
github.com/ropel12/project-3/app/features/transaction/service/service.go:195.87,197.101 1 1
github.com/ropel12/project-3/app/features/transaction/service/service.go:222.2,222.12 1 1
github.com/ropel12/project-3/app/features/transaction/service/service.go:197.101,199.3 1 1
github.com/ropel12/project-3/app/features/transaction/service/service.go:225.105,227.16 2 1
github.com/ropel12/project-3/app/features/transaction/service/service.go:230.2,242.67 5 1
github.com/ropel12/project-3/app/features/transaction/service/service.go:248.2,249.44 2 1
github.com/ropel12/project-3/app/features/transaction/service/service.go:258.2,264.18 5 1
github.com/ropel12/project-3/app/features/transaction/service/service.go:227.16,229.3 1 1
github.com/ropel12/project-3/app/features/transaction/service/service.go:242.67,243.30 1 1
github.com/ropel12/project-3/app/features/transaction/service/service.go:243.30,246.4 2 1
github.com/ropel12/project-3/app/features/transaction/service/service.go:249.44,257.3 2 1
github.com/ropel12/project-3/app/features/transaction/service/service.go:266.95,269.16 3 1
github.com/ropel12/project-3/app/features/transaction/service/service.go:272.2,274.67 3 1
github.com/ropel12/project-3/app/features/transaction/service/service.go:281.2,282.27 2 1
github.com/ropel12/project-3/app/features/transaction/service/service.go:294.2,299.18 4 1
github.com/ropel12/project-3/app/features/transaction/service/service.go:269.16,271.3 1 1
github.com/ropel12/project-3/app/features/transaction/service/service.go:274.67,275.25 1 1
github.com/ropel12/project-3/app/features/transaction/service/service.go:275.25,278.4 2 1
github.com/ropel12/project-3/app/features/transaction/service/service.go:282.27,293.3 2 1
github.com/ropel12/project-3/app/features/transaction/service/service.go:302.106,303.45 1 1
github.com/ropel12/project-3/app/features/transaction/service/service.go:306.2,307.16 2 1
github.com/ropel12/project-3/app/features/transaction/service/service.go:310.2,313.66 4 1
github.com/ropel12/project-3/app/features/transaction/service/service.go:319.2,320.27 2 1
github.com/ropel12/project-3/app/features/transaction/service/service.go:327.2,332.23 4 1
github.com/ropel12/project-3/app/features/transaction/service/service.go:303.45,305.3 1 1
github.com/ropel12/project-3/app/features/transaction/service/service.go:307.16,309.3 1 1
github.com/ropel12/project-3/app/features/transaction/service/service.go:313.66,314.29 1 1
github.com/ropel12/project-3/app/features/transaction/service/service.go:314.29,317.4 2 1
github.com/ropel12/project-3/app/features/transaction/service/service.go:320.27,326.3 2 1
github.com/ropel12/project-3/app/features/transaction/service/service.go:334.106,336.16 2 1
github.com/ropel12/project-3/app/features/transaction/service/service.go:339.2,342.74 4 1
github.com/ropel12/project-3/app/features/transaction/service/service.go:350.2,351.44 2 1
github.com/ropel12/project-3/app/features/transaction/service/service.go:362.2,367.18 4 1
github.com/ropel12/project-3/app/features/transaction/service/service.go:336.16,338.3 1 1
github.com/ropel12/project-3/app/features/transaction/service/service.go:342.74,343.31 1 1
github.com/ropel12/project-3/app/features/transaction/service/service.go:343.31,344.33 1 1
github.com/ropel12/project-3/app/features/transaction/service/service.go:347.4,347.13 1 1
github.com/ropel12/project-3/app/features/transaction/service/service.go:344.33,346.5 1 1
github.com/ropel12/project-3/app/features/transaction/service/service.go:351.44,361.3 2 1
