mode: set
github.com/ropel12/project-3/app/features/user/service/service.go:32.80,34.2 1 1
github.com/ropel12/project-3/app/features/user/service/service.go:36.77,37.48 1 1
github.com/ropel12/project-3/app/features/user/service/service.go:41.2,42.16 2 1
github.com/ropel12/project-3/app/features/user/service/service.go:45.2,45.75 1 1
github.com/ropel12/project-3/app/features/user/service/service.go:49.2,49.26 1 1
github.com/ropel12/project-3/app/features/user/service/service.go:37.48,40.3 2 1
github.com/ropel12/project-3/app/features/user/service/service.go:42.16,44.3 1 1
github.com/ropel12/project-3/app/features/user/service/service.go:45.75,48.3 2 1
github.com/ropel12/project-3/app/features/user/service/service.go:52.76,53.48 1 1
github.com/ropel12/project-3/app/features/user/service/service.go:57.2,58.16 2 1
github.com/ropel12/project-3/app/features/user/service/service.go:61.2,62.16 2 1
github.com/ropel12/project-3/app/features/user/service/service.go:66.2,74.16 3 1
github.com/ropel12/project-3/app/features/user/service/service.go:77.2,77.12 1 1
github.com/ropel12/project-3/app/features/user/service/service.go:53.48,56.3 2 1
github.com/ropel12/project-3/app/features/user/service/service.go:58.16,60.3 1 1
github.com/ropel12/project-3/app/features/user/service/service.go:62.16,65.3 2 1
github.com/ropel12/project-3/app/features/user/service/service.go:74.16,76.3 1 1
github.com/ropel12/project-3/app/features/user/service/service.go:80.110,81.24 1 1
github.com/ropel12/project-3/app/features/user/service/service.go:89.2,89.21 1 1
github.com/ropel12/project-3/app/features/user/service/service.go:95.2,95.17 1 1
github.com/ropel12/project-3/app/features/user/service/service.go:104.2,113.16 4 1
github.com/ropel12/project-3/app/features/user/service/service.go:116.2,116.17 1 1
github.com/ropel12/project-3/app/features/user/service/service.go:81.24,83.17 2 1
github.com/ropel12/project-3/app/features/user/service/service.go:87.3,87.26 1 1
github.com/ropel12/project-3/app/features/user/service/service.go:83.17,86.4 2 1
github.com/ropel12/project-3/app/features/user/service/service.go:89.21,91.17 2 1
github.com/ropel12/project-3/app/features/user/service/service.go:91.17,93.4 1 1
github.com/ropel12/project-3/app/features/user/service/service.go:95.17,97.64 2 1
github.com/ropel12/project-3/app/features/user/service/service.go:101.3,102.15 2 1
github.com/ropel12/project-3/app/features/user/service/service.go:97.64,100.4 2 1
github.com/ropel12/project-3/app/features/user/service/service.go:113.16,115.3 1 1
github.com/ropel12/project-3/app/features/user/service/service.go:119.58,123.16 4 1
github.com/ropel12/project-3/app/features/user/service/service.go:126.2,126.12 1 1
github.com/ropel12/project-3/app/features/user/service/service.go:123.16,125.3 1 1
github.com/ropel12/project-3/app/features/user/service/service.go:129.79,131.16 2 1
github.com/ropel12/project-3/app/features/user/service/service.go:134.2,134.17 1 1
github.com/ropel12/project-3/app/features/user/service/service.go:131.16,133.3 1 1
github.com/ropel12/project-3/app/features/event/service/service.go:31.83,37.2 1 1
github.com/ropel12/project-3/app/features/event/service/service.go:39.101,40.48 1 1
github.com/ropel12/project-3/app/features/event/service/service.go:44.2,44.62 1 1
github.com/ropel12/project-3/app/features/event/service/service.go:47.2,61.16 3 1
github.com/ropel12/project-3/app/features/event/service/service.go:65.2,65.17 1 1
github.com/ropel12/project-3/app/features/event/service/service.go:40.48,43.3 2 1
github.com/ropel12/project-3/app/features/event/service/service.go:44.62,46.3 1 1
github.com/ropel12/project-3/app/features/event/service/service.go:61.16,63.3 1 1
github.com/ropel12/project-3/app/features/event/service/service.go:68.94,71.16 3 1
github.com/ropel12/project-3/app/features/event/service/service.go:74.2,80.27 7 1
github.com/ropel12/project-3/app/features/event/service/service.go:92.2,93.17 2 1
github.com/ropel12/project-3/app/features/event/service/service.go:71.16,73.3 1 1
github.com/ropel12/project-3/app/features/event/service/service.go:80.27,91.3 10 1
github.com/ropel12/project-3/app/features/event/service/service.go:96.68,97.74 1 1
github.com/ropel12/project-3/app/features/event/service/service.go:100.2,100.12 1 1
github.com/ropel12/project-3/app/features/event/service/service.go:97.74,99.3 1 1
